<?xml version="1.0" encoding="UTF-8"?>
<!-- Generated by org.testng.reporters.JUnitReportReporter -->
<testsuite hostname="LAPTOP-BEN7RKBM" name="testscripts.DriverFile" tests="1" failures="0" timestamp="24 Apr 2018 08:23:16 GMT" time="953.038" errors="0">
  <testcase name="runAll" time="953.038" classname="testscripts.DriverFile"/>
</testsuite> <!-- testscripts.DriverFile -->
